0 info it worked if it ends with ok
1 verbose cli [ '/usr/local/bin/node',
1 verbose cli   '/usr/local/bin/npm',
1 verbose cli   'install',
1 verbose cli   'request',
1 verbose cli   '--save' ]
2 info using npm@1.4.28
3 info using node@v0.10.32
4 verbose readDependencies using package.json deps
5 verbose cache add [ 'request@2.49.0', null ]
6 verbose cache add name=undefined spec="request@2.49.0" args=["request@2.49.0",null]
7 verbose parsed url { protocol: null,
7 verbose parsed url   slashes: null,
7 verbose parsed url   auth: null,
7 verbose parsed url   host: null,
7 verbose parsed url   port: null,
7 verbose parsed url   hostname: null,
7 verbose parsed url   hash: null,
7 verbose parsed url   search: null,
7 verbose parsed url   query: null,
7 verbose parsed url   pathname: 'request@2.49.0',
7 verbose parsed url   path: 'request@2.49.0',
7 verbose parsed url   href: 'request@2.49.0' }
8 verbose cache add name="request" spec="2.49.0" args=["request","2.49.0"]
9 verbose parsed url { protocol: null,
9 verbose parsed url   slashes: null,
9 verbose parsed url   auth: null,
9 verbose parsed url   host: null,
9 verbose parsed url   port: null,
9 verbose parsed url   hostname: null,
9 verbose parsed url   hash: null,
9 verbose parsed url   search: null,
9 verbose parsed url   query: null,
9 verbose parsed url   pathname: '2.49.0',
9 verbose parsed url   path: '2.49.0',
9 verbose parsed url   href: '2.49.0' }
10 verbose addNamed [ 'request', '2.49.0' ]
11 verbose addNamed [ '2.49.0', '2.49.0' ]
12 silly lockFile 5bfca03b-request-2-49-0 request@2.49.0
13 verbose lock request@2.49.0 /home/blackdragon/.npm/5bfca03b-request-2-49-0.lock
14 verbose request where is /request
15 verbose request registry https://registry.npmjs.org/
16 verbose request id 397180b4dc82a298
17 verbose url raw /request
18 verbose url resolving [ 'https://registry.npmjs.org/', './request' ]
19 verbose url resolved https://registry.npmjs.org/request
20 verbose request where is https://registry.npmjs.org/request
21 info trying registry request attempt 1 at 00:17:22
22 verbose etag "D3D32OKHQKUV96KLFV6JSJBQZ"
23 http GET https://registry.npmjs.org/request
24 http 304 https://registry.npmjs.org/request
25 silly registry.get cb [ 304,
25 silly registry.get   { date: 'Wed, 03 Dec 2014 08:17:22 GMT',
25 silly registry.get     server: 'Apache',
25 silly registry.get     via: '1.1 varnish',
25 silly registry.get     'last-modified': 'Wed, 03 Dec 2014 08:17:15 GMT',
25 silly registry.get     'cache-control': 'max-age=60',
25 silly registry.get     etag: '"D3D32OKHQKUV96KLFV6JSJBQZ"',
25 silly registry.get     age: '44',
25 silly registry.get     'x-served-by': 'cache-sjc3128-SJC',
25 silly registry.get     'x-cache': 'HIT',
25 silly registry.get     'x-cache-hits': '2',
25 silly registry.get     'x-timer': 'S1417594642.515694,VS0,VE0',
25 silly registry.get     vary: 'Accept',
25 silly registry.get     'content-length': '0',
25 silly registry.get     'keep-alive': 'timeout=10, max=50',
25 silly registry.get     connection: 'Keep-Alive' } ]
26 verbose etag https://registry.npmjs.org/request from cache
27 silly lockFile 61963696-s-org-request-request-2-49-0-tgz https://registry.npmjs.org/request/-/request-2.49.0.tgz
28 verbose lock https://registry.npmjs.org/request/-/request-2.49.0.tgz /home/blackdragon/.npm/61963696-s-org-request-request-2-49-0-tgz.lock
29 verbose addRemoteTarball [ 'https://registry.npmjs.org/request/-/request-2.49.0.tgz',
29 verbose addRemoteTarball   '0d4f6348dc3348059b553e4db60fd2478de662a7' ]
30 info retry fetch attempt 1 at 00:17:22
31 verbose fetch to= /tmp/npm-9838-wfqSHWcK/registry.npmjs.org/request/-/request-2.49.0.tgz
32 http GET https://registry.npmjs.org/request/-/request-2.49.0.tgz
33 http 200 https://registry.npmjs.org/request/-/request-2.49.0.tgz
34 silly lockFile 61963696-s-org-request-request-2-49-0-tgz https://registry.npmjs.org/request/-/request-2.49.0.tgz
35 silly lockFile 61963696-s-org-request-request-2-49-0-tgz https://registry.npmjs.org/request/-/request-2.49.0.tgz
36 silly lockFile 5bfca03b-request-2-49-0 request@2.49.0
37 silly lockFile 5bfca03b-request-2-49-0 request@2.49.0
38 error Error: EACCES, mkdir '/home/blackdragon/.npm/request/2.49.0'
38 error  { [Error: EACCES, mkdir '/home/blackdragon/.npm/request/2.49.0']
38 error   errno: 3,
38 error   code: 'EACCES',
38 error   path: '/home/blackdragon/.npm/request/2.49.0',
38 error   parent: 'CMPE272' }
39 error Please try running this command again as root/Administrator.
40 error System Linux 3.11.0-12-generic
41 error command "/usr/local/bin/node" "/usr/local/bin/npm" "install" "request" "--save"
42 error cwd /home/blackdragon/git/cmpe272-team4/CMPE272
43 error node -v v0.10.32
44 error npm -v 1.4.28
45 error path /home/blackdragon/.npm/request/2.49.0
46 error code EACCES
47 error errno 3
48 error stack Error: EACCES, mkdir '/home/blackdragon/.npm/request/2.49.0'
49 verbose exit [ 3, true ]
